Started by user [8mha:////4PC/VDTSI/RyREKc5woG790iPZWzEv+NgfKkZXA5jm8AAAAAnB+LCAAAAAAAAP9b85aBtbiIQTGjNKU4P08vOT+vOD8nVc83PyU1x6OyILUoJzMv2y+/JJUBAhiZGBgqihhk0NSjKDWzXb3RdlLBUSYGJk8GtpzUvPSSDB8G5tKinBIGIZ+sxLJE/ZzEvHT94JKizLx0a6BxUmjGOUNodHsLgAzhEgYB/dLi1CL9zJLEnHxDI2MTMwCheVz3xQAAAA==[0mItalo Souza Sampaio
[Fri Jan 16 21:31:44 GMT-03:00 2026] Starting branch indexing...
[8mha:////4C/kQKYm7/ACAe9Rm0nTekfPoqnvgSuvi7sC+5Mr9UXxAAAAhB+LCAAAAAAAAP9b85aBtbiIwSa/KF0vKzUvOzOvODlTryCnNB3I0kvPLMkoTYpPKkrMS86IL84vLUpO1XPPLPEoTXLOzyvOz0n1yy9JZYAARiYGRi8GzpLM3NTiksTcgooiBqmM0pTi/Dy9ZIhiPayaGCoKgPTsk7GVcwAxNJjvjgAAAA==[0mConnecting to https://api.github.com using italo12346/******
Examining [8mha:////4GKx+RWmynEdKL6OiuczH3WrZxqTWwV3we46odUTMbsjAAAArx+LCAAAAAAAAP9b85aBtbiIQSajNKU4P08vOT+vOD8nVc+jsiC1KCczL9svvyTVzHb1RttJBUeZGJg8GdhyUvPSSzJ8GJhLi3JKGIR8shLLEvVzEvPS9YNLijLz0q0rihik0IxzhtAgwxgggJGJgaGiAMiQKWHQzygpKSi20tdPzyzJKE0C6srVzyxJzMk3NDI2MdMvTswtyEnVzUrNy87MK9ZNzgQAd8DyPbQAAAA=[0mitalo12346/sample-jenkins-ci

  Getting remote pull requests...

  Checking branches...

  Getting remote branches...

    Checking branch [8mha:////4Cl7dXJWBAd3K9NIpqEibyQUb//Dqumvpd0nMDrtBhk+AAAAtx+LCAAAAAAAAP9djLsNwjAURR/hMwAlYoXE4qNIgFLRgBTRMIEBy3biPFv2CwprsAY0DME47EBQOk5zT3PP8wPD4GGq6kuwmJwtBmtEsrs54Y3G8mBJpNnjld3dO4JoDyMjUJLKoV97QzDOC37lzHCU7Eheo9w0HiZ/uW23vxh09CKAxrUyIFgpIhfWjElNqj61r4pp4sbO5otlygKvnBFxIbDUGOKzZuSFYBXX+AUGTSlhvgAAAA==[0mmain
[8mha:////4OEXMHXYfXmVeHx4H+peVf611oWllJtamiJ231EcdxNsAAAAhB+LCAAAAAAAAP9b85aBtbiIwSa/KF0vKzUvOzOvODlTryCnNB3I0kvPLMkoTYpPKkrMS86IL84vLUpO1XPPLPEoTXLOzyvOz0n1yy9JZYAARiYGRi8GzpLM3NTiksTcgooiBqmM0pTi/Dy9ZIhiPayaGCoKgPTsk7F9FwFmfgi8jgAAAA==[0mJenkins-Imposed API Limiter: Current quota for Github API usage has 48 remaining (1 over budget). Next quota of 60 in 53 min. Sleeping for 4 min 47 sec.
[8mha:////4Nh+qi1I/nw4X2of3IAnsRfLQpFpYIMadYk6ZZmZrKmwAAAAhB+LCAAAAAAAAP9b85aBtbiIwSa/KF0vKzUvOzOvODlTryCnNB3I0kvPLMkoTYpPKkrMS86IL84vLUpO1XPPLPEoTXLOzyvOz0n1yy9JZYAARiYGRi8GzpLM3NTiksTcgooiBqmM0pTi/Dy9ZIhiPayaGCoKgPTsk7F9lwFKHwZSjgAAAA==[0mJenkins is attempting to evenly distribute GitHub API requests. To configure a different rate limiting strategy, such as having Jenkins restrict GitHub API requests only when near or above the GitHub rate limit, go to "GitHub API usage" under "Configure System" in the Jenkins settings.
[8mha:////4ODsiUA4C87JfWowioRmCBqqaj3kKNNsWA/yUuoqg6InAAAAhB+LCAAAAAAAAP9b85aBtbiIwSa/KF0vKzUvOzOvODlTryCnNB3I0kvPLMkoTYpPKkrMS86IL84vLUpO1XPPLPEoTXLOzyvOz0n1yy9JZYAARiYGRi8GzpLM3NTiksTcgooiBqmM0pTi/Dy9ZIhiPayaGCoKgPTskwkh0wAD8dQDjgAAAA==[0mJenkins-Imposed API Limiter: Still sleeping, now only 1 min 44 sec remaining.
      ‘Jenkinsfile’ found
    Met criteria
No changes detected: main (still at b432a6b5534fe25fd0af81da1a2e8176a227ceb1)

  1 branches were processed

  Checking pull-requests...

  0 pull requests were processed

Finished examining italo12346/sample-jenkins-ci

[Fri Jan 16 21:36:40 GMT-03:00 2026] Finished branch indexing. Indexing took 4 min 56 sec
Finished: SUCCESS
